<?xml version="1.0" encoding="UTF-8"?>
<testsuite xmlns:xsi="http://www.w3.org/2001/XMLSchema-instance" xsi:schemaLocation="https://maven.apache.org/surefire/maven-surefire-plugin/xsd/surefire-test-report.xsd" name="MULE_EE.4.2.2.world-demo-api-test-suite" time="0.0" failures="0" errors="1" skipped="0" tests="1">
  <properties>
    <property key="java.runtime.name" value="Java(TM) SE Runtime Environment"/>
    <property key="sun.boot.library.path" value="C:\Program Files (x86)\Java\jre1.8.0_241\bin"/>
    <property key="java.vm.version" value="25.241-b07"/>
    <property key="maven.multiModuleProjectDirectory" value="C:\Program Files (x86)\Jenkins\workspace\sfmule2"/>
    <property key="java.vm.vendor" value="Oracle Corporation"/>
    <property key="java.vendor.url" value="http://java.oracle.com/"/>
    <property key="guice.disable.misplaced.annotation.check" value="true"/>
    <property key="path.separator" value=";"/>
    <property key="java.vm.name" value="Java HotSpot(TM) Client VM"/>
    <property key="file.encoding.pkg" value="sun.io"/>
    <property key="user.country" value="US"/>
    <property key="user.script" value=""/>
    <property key="sun.java.launcher" value="SUN_STANDARD"/>
    <property key="sun.os.patch.level" value=""/>
    <property key="java.vm.specification.name" value="Java Virtual Machine Specification"/>
    <property key="user.dir" value="D:\"/>
    <property key="java.runtime.version" value="1.8.0_241-b07"/>
    <property key="java.awt.graphicsenv" value="sun.awt.Win32GraphicsEnvironment"/>
    <property key="java.endorsed.dirs" value="C:\Program Files (x86)\Java\jre1.8.0_241\lib\endorsed"/>
    <property key="os.arch" value="x86"/>
    <property key="D" value="UserspprathakDesktopSalesforcesf-muleworld-demo-apisrcmainesourceslog4j2.xml"/>
    <property key="java.io.tmpdir" value="C:\Windows\TEMP\"/>
    <property key="line.separator" value="&#xd;&#xa;"/>
    <property key="java.vm.specification.vendor" value="Oracle Corporation"/>
    <property key="user.variant" value=""/>
    <property key="os.name" value="Windows 10"/>
    <property key="classworlds.conf" value="C:\apache-maven-3.6.3\bin\..\bin\m2.conf"/>
    <property key="sun.jnu.encoding" value="Cp1252"/>
    <property key="java.library.path" value="C:\Program Files (x86)\Common Files\Oracle\Java\javapath;C:\Windows\Sun\Java\bin;C:\Windows\system32;C:\Windows;C:\apache-maven-3.6.3/bin;C:\Program Files (x86)\PerkinElmerInformatics\ChemOffice2019\ChemScript\Lib;C:\Program Files (x86)\Common Files\Oracle\Java\javapath;C:\Windows\system32;C:\Windows;C:\Windows\System32\Wbem;C:\Windows\System32\WindowsPowerShell\v1.0\;C:\Program Files\1E\Client\Extensibility\NomadBranch;C:\Program Files\1E\NomadBranch\;C:\Program Files (x86)\Webex\Plugins;C:\Windows\system32\config\systemprofile\AppData\Local\Microsoft\WindowsApps;."/>
    <property key="maven.conf" value="C:\apache-maven-3.6.3\bin\../conf"/>
    <property key="java.specification.name" value="Java Platform API Specification"/>
    <property key="java.class.version" value="52.0"/>
    <property key="sun.management.compiler" value="HotSpot Client Compiler"/>
    <property key="os.version" value="10.0"/>
    <property key="library.jansi.path" value="C:\apache-maven-3.6.3\bin\..\lib\jansi-native"/>
    <property key="user.home" value="C:\Windows\system32\config\systemprofile"/>
    <property key="user.timezone" value="Asia/Calcutta"/>
    <property key="java.awt.printerjob" value="sun.awt.windows.WPrinterJob"/>
    <property key="muleDeploy" value="true"/>
    <property key="file.encoding" value="Cp1252"/>
    <property key="java.specification.version" value="1.8"/>
    <property key="java.class.path" value="C:\apache-maven-3.6.3\bin\..\boot\plexus-classworlds-2.6.0.jar"/>
    <property key="user.name" value="DESKTOP-EDHHIRR$"/>
    <property key="java.vm.specification.version" value="1.8"/>
    <property key="sun.java.command" value="org.codehaus.plexus.classworlds.launcher.Launcher -f D:\Users\pprathak\Desktop\Salesforce\sf-mule\world-demo-api\pom.xml -DD=UserspprathakDesktopSalesforcesf-muleworld-demo-apisrcmainesourceslog4j2.xml clean install test package deploy -DmuleDeploy"/>
    <property key="java.home" value="C:\Program Files (x86)\Java\jre1.8.0_241"/>
    <property key="sun.arch.data.model" value="32"/>
    <property key="user.language" value="en"/>
    <property key="java.specification.vendor" value="Oracle Corporation"/>
    <property key="awt.toolkit" value="sun.awt.windows.WToolkit"/>
    <property key="java.vm.info" value="mixed mode, sharing"/>
    <property key="java.version" value="1.8.0_241"/>
    <property key="java.ext.dirs" value="C:\Program Files (x86)\Java\jre1.8.0_241\lib\ext;C:\Windows\Sun\Java\lib\ext"/>
    <property key="sun.boot.class.path" value="C:\Program Files (x86)\Java\jre1.8.0_241\lib\resources.jar;C:\Program Files (x86)\Java\jre1.8.0_241\lib\rt.jar;C:\Program Files (x86)\Java\jre1.8.0_241\lib\sunrsasign.jar;C:\Program Files (x86)\Java\jre1.8.0_241\lib\jsse.jar;C:\Program Files (x86)\Java\jre1.8.0_241\lib\jce.jar;C:\Program Files (x86)\Java\jre1.8.0_241\lib\charsets.jar;C:\Program Files (x86)\Java\jre1.8.0_241\lib\jfr.jar;C:\Program Files (x86)\Java\jre1.8.0_241\classes"/>
    <property key="java.vendor" value="Oracle Corporation"/>
    <property key="maven.home" value="C:\apache-maven-3.6.3\bin\.."/>
    <property key="file.separator" value="\"/>
    <property key="java.vendor.url.bug" value="http://bugreport.sun.com/bugreport/"/>
    <property key="sun.io.unicode.encoding" value="UnicodeLittle"/>
    <property key="sun.cpu.endian" value="little"/>
    <property key="sun.desktop" value="windows"/>
    <property key="sun.cpu.isalist" value="pentium_pro+mmx pentium_pro pentium+mmx pentium i486 i386 i86"/>
    <property key="munit.system.properties.file" value="D:\Users\pprathak\Desktop\Salesforce\sf-mule\world-demo-api\target\user.system.properties"/>
    <property key="org.glassfish.grizzly.DEFAULT_MEMORY_MANAGER" value="org.glassfish.grizzly.memory.HeapMemoryManager"/>
  </properties>
  <testcase time="0.0" name="world-demo-api-test-suite.xml" classname="MULE_EE.4.2.2.world-demo-api-test-suite">
    <error>java.lang.IllegalStateException: Cannot start embedded container&#xd;
	at org.mule.runtime.module.embedded.internal.DefaultEmbeddedContainerBuilder$1.start(DefaultEmbeddedContainerBuilder.java:169)&#xd;
	at org.mule.munit.remote.RemoteRunner.run(RemoteRunner.java:111)&#xd;
	at org.mule.munit.remote.RemoteRunner.main(RemoteRunner.java:80)&#xd;
Caused by: java.lang.IllegalArgumentException: Could not find embedded container bom artifact&#xd;
	at org.mule.runtime.module.embedded.internal.MavenContainerClassLoaderFactory.create(MavenContainerClassLoaderFactory.java:83)&#xd;
	at org.mule.runtime.module.embedded.internal.DefaultEmbeddedContainerBuilder$1.start(DefaultEmbeddedContainerBuilder.java:146)&#xd;
	... 2 more&#xd;
Caused by: org.mule.maven.client.api.BundleDependenciesResolutionException: org.eclipse.aether.resolution.ArtifactResolutionException: Failure to find com.mulesoft.mule.distributions:mule-runtime-impl-bom:pom:4.2.2 in https://repo.maven.apache.org/maven2/ was cached in the local repository, resolution will not be reattempted until the update interval of maven-central has elapsed or updates are forced&#xd;
	at org.mule.maven.client.internal.AetherMavenClient.resolveBundleDescriptorDependencies(AetherMavenClient.java:261)&#xd;
	at org.mule.maven.client.internal.AetherMavenClient.resolveBundleDescriptorDependencies(AetherMavenClient.java:232)&#xd;
	at org.mule.runtime.module.embedded.internal.MavenContainerClassLoaderFactory.create(MavenContainerClassLoaderFactory.java:55)&#xd;
	... 3 more&#xd;
Caused by: org.eclipse.aether.resolution.ArtifactResolutionException: Failure to find com.mulesoft.mule.distributions:mule-runtime-impl-bom:pom:4.2.2 in https://repo.maven.apache.org/maven2/ was cached in the local repository, resolution will not be reattempted until the update interval of maven-central has elapsed or updates are forced&#xd;
	at org.eclipse.aether.internal.impl.DefaultArtifactResolver.resolve(DefaultArtifactResolver.java:444)&#xd;
	at org.eclipse.aether.internal.impl.DefaultArtifactResolver.resolveArtifacts(DefaultArtifactResolver.java:246)&#xd;
	at org.eclipse.aether.internal.impl.DefaultArtifactResolver.resolveArtifact(DefaultArtifactResolver.java:223)&#xd;
	at org.eclipse.aether.internal.impl.DefaultRepositorySystem.resolveArtifact(DefaultRepositorySystem.java:294)&#xd;
	at org.mule.maven.client.internal.AetherMavenClient.resolveBundleDescriptorDependencies(AetherMavenClient.java:243)&#xd;
	... 5 more&#xd;
Caused by: org.eclipse.aether.transfer.ArtifactNotFoundException: Failure to find com.mulesoft.mule.distributions:mule-runtime-impl-bom:pom:4.2.2 in https://repo.maven.apache.org/maven2/ was cached in the local repository, resolution will not be reattempted until the update interval of maven-central has elapsed or updates are forced&#xd;
	at org.eclipse.aether.internal.impl.DefaultUpdateCheckManager.newException(DefaultUpdateCheckManager.java:231)&#xd;
	at org.eclipse.aether.internal.impl.DefaultUpdateCheckManager.checkArtifact(DefaultUpdateCheckManager.java:206)&#xd;
	at org.eclipse.aether.internal.impl.DefaultArtifactResolver.gatherDownloads(DefaultArtifactResolver.java:585)&#xd;
	at org.eclipse.aether.internal.impl.DefaultArtifactResolver.performDownloads(DefaultArtifactResolver.java:503)&#xd;
	at org.eclipse.aether.internal.impl.DefaultArtifactResolver.resolve(DefaultArtifactResolver.java:421)&#xd;
	... 9 more&#xd;
</error>
  </testcase>
</testsuite>